[ 2025-08-11 19:51:20,621 ] 21 root - INFO - Starting with the Iris dataset...
[ 2025-08-11 19:51:20,634 ] 18 root - INFO - Iris Data loaded successfully.
[ 2025-08-11 19:51:20,636 ] 27 root - INFO - train-test split done.
[ 2025-08-11 19:51:20,639 ] 31 root - INFO - Data scaling done.
[ 2025-08-11 19:51:20,639 ] 38 root - INFO - MLflow setup Started...
[ 2025-08-11 19:51:22,065 ] 62 root - INFO - Logistic Regression Accuracy: 1.0000
[ 2025-08-11 19:51:22,065 ] 63 root - INFO - Confusion Matrix for Logistic Regression:
[[10  0  0]
 [ 0  9  0]
 [ 0  0 11]]

[ 2025-08-11 19:51:22,076 ] 64 root - INFO - Classification Report for Logistic Regression:
              precision    recall  f1-score   support

           0       1.00      1.00      1.00        10
           1       1.00      1.00      1.00         9
           2       1.00      1.00      1.00        11

    accuracy                           1.00        30
   macro avg       1.00      1.00      1.00        30
weighted avg       1.00      1.00      1.00        30


[ 2025-08-11 19:51:22,077 ] 65 root - INFO - Precision for Logistic Regression: 1.0000
[ 2025-08-11 19:51:22,077 ] 66 root - INFO - Recall for Logistic Regression: 1.0000
[ 2025-08-11 19:51:22,078 ] 67 root - INFO - F1 Score for Logistic Regression: 1.0000
[ 2025-08-11 19:51:22,078 ] 68 root - INFO - Model Logistic Regression trained and evaluated successfully.
[ 2025-08-11 19:51:38,631 ] 83 root - INFO - ModelLogistic Regression CPU usage: 29.90%
[ 2025-08-11 19:51:38,631 ] 84 root - INFO - ModelLogistic Regression RAM usage: 87.10 MB
[ 2025-08-11 19:51:38,631 ] 85 root - INFO - Model Logistic Regression logged to MLflow.
[ 2025-08-11 19:51:38,631 ] 92 root - INFO - New best model found: Logistic Regression with accuracy 1.0000
[ 2025-08-11 19:51:38,882 ] 62 root - INFO - Random Forest Accuracy: 1.0000
[ 2025-08-11 19:51:38,882 ] 63 root - INFO - Confusion Matrix for Random Forest:
[[10  0  0]
 [ 0  9  0]
 [ 0  0 11]]

[ 2025-08-11 19:51:38,887 ] 64 root - INFO - Classification Report for Random Forest:
              precision    recall  f1-score   support

           0       1.00      1.00      1.00        10
           1       1.00      1.00      1.00         9
           2       1.00      1.00      1.00        11

    accuracy                           1.00        30
   macro avg       1.00      1.00      1.00        30
weighted avg       1.00      1.00      1.00        30


[ 2025-08-11 19:51:38,887 ] 65 root - INFO - Precision for Random Forest: 1.0000
[ 2025-08-11 19:51:38,887 ] 66 root - INFO - Recall for Random Forest: 1.0000
[ 2025-08-11 19:51:38,887 ] 67 root - INFO - F1 Score for Random Forest: 1.0000
[ 2025-08-11 19:51:38,887 ] 68 root - INFO - Model Random Forest trained and evaluated successfully.
[ 2025-08-11 19:51:51,730 ] 83 root - INFO - ModelRandom Forest CPU usage: 18.30%
[ 2025-08-11 19:51:51,730 ] 84 root - INFO - ModelRandom Forest RAM usage: 86.80 MB
[ 2025-08-11 19:51:51,730 ] 85 root - INFO - Model Random Forest logged to MLflow.
[ 2025-08-11 19:51:52,211 ] 102 root - INFO - Best model run id is: 138dfb93e370484b9ff036e7dd2b5813
[ 2025-08-11 19:51:52,219 ] 116 root - INFO - Best model and scaler saved to 'saved_model/' directory.
[ 2025-08-11 19:51:52,219 ] 120 root - INFO - MLflow setup completed.
