[ 2025-08-11 21:40:53,088 ] 20 root - INFO - Starting with the Iris dataset...
[ 2025-08-11 21:40:53,102 ] 18 root - INFO - Iris Data loaded successfully.
[ 2025-08-11 21:40:53,104 ] 26 root - INFO - train-test split done.
[ 2025-08-11 21:40:53,107 ] 30 root - INFO - Data scaling done.
[ 2025-08-11 21:40:53,107 ] 36 root - INFO - MLflow setup Started...
[ 2025-08-11 21:40:54,670 ] 66 root - INFO - Logistic Regression Accuracy: 1.0000
[ 2025-08-11 21:40:54,681 ] 67 root - INFO - Classification Report for Logistic Regression:
              precision    recall  f1-score   support

           0       1.00      1.00      1.00        10
           1       1.00      1.00      1.00         9
           2       1.00      1.00      1.00        11

    accuracy                           1.00        30
   macro avg       1.00      1.00      1.00        30
weighted avg       1.00      1.00      1.00        30


[ 2025-08-11 21:41:11,874 ] 82 root - INFO - Model Logistic Regression logged to MLflow.
[ 2025-08-11 21:41:11,874 ] 89 root - INFO - New best model found: Logistic Regression with accuracy 1.0000
[ 2025-08-11 21:41:12,102 ] 66 root - INFO - Random Forest Accuracy: 1.0000
[ 2025-08-11 21:41:12,119 ] 67 root - INFO - Classification Report for Random Forest:
              precision    recall  f1-score   support

           0       1.00      1.00      1.00        10
           1       1.00      1.00      1.00         9
           2       1.00      1.00      1.00        11

    accuracy                           1.00        30
   macro avg       1.00      1.00      1.00        30
weighted avg       1.00      1.00      1.00        30


[ 2025-08-11 21:41:25,603 ] 82 root - INFO - Model Random Forest logged to MLflow.
[ 2025-08-11 21:41:26,260 ] 97 root - INFO - Best model run id is: d86a634a8c1f47619ffa8e8dc7e5a704
[ 2025-08-11 21:41:26,263 ] 107 root - INFO - Best model and scaler saved to 'saved_model/' directory.
[ 2025-08-11 21:41:26,263 ] 111 root - INFO - MLflow setup completed.
