[ 2025-08-10 18:27:55,542 ] 18 root - INFO - Starting the Loading Iris dataset...
[ 2025-08-10 18:27:55,601 ] 18 root - INFO - Iris Data loaded successfully.
[ 2025-08-10 18:27:55,606 ] 24 root - INFO - train-test split done.
[ 2025-08-10 18:27:55,612 ] 28 root - INFO - Data scaling done.
[ 2025-08-10 18:27:55,613 ] 35 root - INFO - MLflow setup Started...
[ 2025-08-10 18:27:58,060 ] 61 root - INFO - Logistic Regression Accuracy: 1.0000
[ 2025-08-10 18:27:58,061 ] 62 root - INFO - Logistic Regression r2_score: 1.0000 Mae:0.0000
[ 2025-08-10 18:27:58,061 ] 63 root - INFO - Confusion Matrix for Logistic Regression:
[[10  0  0]
 [ 0  9  0]
 [ 0  0 11]]

[ 2025-08-10 18:27:58,070 ] 64 root - INFO - Classification Report for Logistic Regression:
              precision    recall  f1-score   support

           0       1.00      1.00      1.00        10
           1       1.00      1.00      1.00         9
           2       1.00      1.00      1.00        11

    accuracy                           1.00        30
   macro avg       1.00      1.00      1.00        30
weighted avg       1.00      1.00      1.00        30


[ 2025-08-10 18:28:20,195 ] 76 root - INFO - Model Logistic Regression logged to MLflow.
[ 2025-08-10 18:28:20,196 ] 83 root - INFO - New best model found: Logistic Regression with accuracy 1.0000
[ 2025-08-10 18:28:20,617 ] 61 root - INFO - Random Forest Accuracy: 1.0000
[ 2025-08-10 18:28:20,618 ] 62 root - INFO - Random Forest r2_score: 1.0000 Mae:0.0000
[ 2025-08-10 18:28:20,619 ] 63 root - INFO - Confusion Matrix for Random Forest:
[[10  0  0]
 [ 0  9  0]
 [ 0  0 11]]

[ 2025-08-10 18:28:20,633 ] 64 root - INFO - Classification Report for Random Forest:
              precision    recall  f1-score   support

           0       1.00      1.00      1.00        10
           1       1.00      1.00      1.00         9
           2       1.00      1.00      1.00        11

    accuracy                           1.00        30
   macro avg       1.00      1.00      1.00        30
weighted avg       1.00      1.00      1.00        30


[ 2025-08-10 18:28:37,019 ] 76 root - INFO - Model Random Forest logged to MLflow.
[ 2025-08-10 18:28:37,550 ] 106 root - INFO - Best model and scaler saved to 'saved_model/' directory.
[ 2025-08-10 18:28:37,550 ] 110 root - INFO - MLflow setup completed.
