[ 2025-08-11 21:06:01,415 ] 20 root - INFO - Starting with the Iris dataset...
[ 2025-08-11 21:06:01,449 ] 18 root - INFO - Iris Data loaded successfully.
[ 2025-08-11 21:06:01,452 ] 26 root - INFO - train-test split done.
[ 2025-08-11 21:06:01,455 ] 30 root - INFO - Data scaling done.
[ 2025-08-11 21:06:01,455 ] 36 root - INFO - MLflow setup Started...
[ 2025-08-11 21:06:03,446 ] 66 root - INFO - Logistic Regression Accuracy: 1.0000
[ 2025-08-11 21:06:03,454 ] 67 root - INFO - Classification Report for Logistic Regression:
              precision    recall  f1-score   support

           0       1.00      1.00      1.00        10
           1       1.00      1.00      1.00         9
           2       1.00      1.00      1.00        11

    accuracy                           1.00        30
   macro avg       1.00      1.00      1.00        30
weighted avg       1.00      1.00      1.00        30


[ 2025-08-11 21:06:20,368 ] 82 root - INFO - Model Logistic Regression logged to MLflow.
[ 2025-08-11 21:06:20,369 ] 89 root - INFO - New best model found: Logistic Regression with accuracy 1.0000
[ 2025-08-11 21:06:20,623 ] 66 root - INFO - Random Forest Accuracy: 1.0000
[ 2025-08-11 21:06:20,633 ] 67 root - INFO - Classification Report for Random Forest:
              precision    recall  f1-score   support

           0       1.00      1.00      1.00        10
           1       1.00      1.00      1.00         9
           2       1.00      1.00      1.00        11

    accuracy                           1.00        30
   macro avg       1.00      1.00      1.00        30
weighted avg       1.00      1.00      1.00        30


[ 2025-08-11 21:06:33,840 ] 82 root - INFO - Model Random Forest logged to MLflow.
[ 2025-08-11 21:06:34,441 ] 97 root - INFO - Best model run id is: 2c298c07fad841c78a421f458c599056
[ 2025-08-11 21:06:34,448 ] 109 root - INFO - Best model and scaler saved to 'saved_model/' directory.
[ 2025-08-11 21:06:34,448 ] 114 root - INFO - MLflow setup completed.
