[ 2025-08-11 21:24:54,014 ] 21 root - INFO - Starting with the Iris dataset...
[ 2025-08-11 21:24:54,026 ] 18 root - INFO - Iris Data loaded successfully.
[ 2025-08-11 21:24:54,028 ] 27 root - INFO - train-test split done.
[ 2025-08-11 21:24:54,032 ] 31 root - INFO - Data scaling done.
[ 2025-08-11 21:24:54,032 ] 38 root - INFO - MLflow setup Started...
[ 2025-08-11 21:24:55,370 ] 62 root - INFO - Logistic Regression Accuracy: 1.0000
[ 2025-08-11 21:24:55,371 ] 63 root - INFO - Confusion Matrix for Logistic Regression:
[[10  0  0]
 [ 0  9  0]
 [ 0  0 11]]

[ 2025-08-11 21:24:55,384 ] 64 root - INFO - Classification Report for Logistic Regression:
              precision    recall  f1-score   support

           0       1.00      1.00      1.00        10
           1       1.00      1.00      1.00         9
           2       1.00      1.00      1.00        11

    accuracy                           1.00        30
   macro avg       1.00      1.00      1.00        30
weighted avg       1.00      1.00      1.00        30


[ 2025-08-11 21:24:55,386 ] 65 root - INFO - Precision for Logistic Regression: 1.0000
[ 2025-08-11 21:24:55,386 ] 66 root - INFO - Recall for Logistic Regression: 1.0000
[ 2025-08-11 21:24:55,386 ] 67 root - INFO - F1 Score for Logistic Regression: 1.0000
[ 2025-08-11 21:24:55,386 ] 68 root - INFO - Model Logistic Regression trained and evaluated successfully.
[ 2025-08-11 21:25:12,510 ] 83 root - INFO - ModelLogistic Regression CPU usage: 24.80%
[ 2025-08-11 21:25:12,510 ] 84 root - INFO - ModelLogistic Regression RAM usage: 87.20 MB
[ 2025-08-11 21:25:12,510 ] 85 root - INFO - Model Logistic Regression logged to MLflow.
[ 2025-08-11 21:25:12,510 ] 92 root - INFO - New best model found: Logistic Regression with accuracy 1.0000
[ 2025-08-11 21:25:12,734 ] 62 root - INFO - Random Forest Accuracy: 1.0000
[ 2025-08-11 21:25:12,734 ] 63 root - INFO - Confusion Matrix for Random Forest:
[[10  0  0]
 [ 0  9  0]
 [ 0  0 11]]

[ 2025-08-11 21:25:12,743 ] 64 root - INFO - Classification Report for Random Forest:
              precision    recall  f1-score   support

           0       1.00      1.00      1.00        10
           1       1.00      1.00      1.00         9
           2       1.00      1.00      1.00        11

    accuracy                           1.00        30
   macro avg       1.00      1.00      1.00        30
weighted avg       1.00      1.00      1.00        30


[ 2025-08-11 21:25:12,743 ] 65 root - INFO - Precision for Random Forest: 1.0000
[ 2025-08-11 21:25:12,743 ] 66 root - INFO - Recall for Random Forest: 1.0000
[ 2025-08-11 21:25:12,743 ] 67 root - INFO - F1 Score for Random Forest: 1.0000
[ 2025-08-11 21:25:12,743 ] 68 root - INFO - Model Random Forest trained and evaluated successfully.
[ 2025-08-11 21:25:26,016 ] 83 root - INFO - ModelRandom Forest CPU usage: 27.80%
[ 2025-08-11 21:25:26,016 ] 84 root - INFO - ModelRandom Forest RAM usage: 88.20 MB
[ 2025-08-11 21:25:26,016 ] 85 root - INFO - Model Random Forest logged to MLflow.
[ 2025-08-11 21:25:26,713 ] 102 root - INFO - Best model run id is: 10d92a40a4884eea950b6bb4d1b1165d
[ 2025-08-11 21:25:26,719 ] 113 root - INFO - Best model and scaler saved to 'saved_model/' directory.
[ 2025-08-11 21:25:26,719 ] 117 root - INFO - MLflow setup completed.
