[ 2025-08-11 23:12:22,631 ] 21 root - INFO - Starting with the Iris dataset...
[ 2025-08-11 23:12:22,944 ] 18 root - INFO - Iris Data loaded successfully.
[ 2025-08-11 23:12:22,951 ] 27 root - INFO - train-test split done.
[ 2025-08-11 23:12:22,958 ] 31 root - INFO - Data scaling done.
[ 2025-08-11 23:12:22,959 ] 38 root - INFO - MLflow setup Started...
[ 2025-08-11 23:12:27,153 ] 62 root - INFO - Logistic Regression Accuracy: 1.0000
[ 2025-08-11 23:12:27,176 ] 63 root - INFO - Confusion Matrix for Logistic Regression:
[[10  0  0]
 [ 0  9  0]
 [ 0  0 11]]

[ 2025-08-11 23:12:27,335 ] 64 root - INFO - Classification Report for Logistic Regression:
              precision    recall  f1-score   support

           0       1.00      1.00      1.00        10
           1       1.00      1.00      1.00         9
           2       1.00      1.00      1.00        11

    accuracy                           1.00        30
   macro avg       1.00      1.00      1.00        30
weighted avg       1.00      1.00      1.00        30


[ 2025-08-11 23:12:27,336 ] 65 root - INFO - Precision for Logistic Regression: 1.0000
[ 2025-08-11 23:12:27,336 ] 66 root - INFO - Recall for Logistic Regression: 1.0000
[ 2025-08-11 23:12:27,336 ] 67 root - INFO - F1 Score for Logistic Regression: 1.0000
[ 2025-08-11 23:12:27,336 ] 68 root - INFO - Model Logistic Regression trained and evaluated successfully.
[ 2025-08-11 23:12:57,765 ] 83 root - INFO - ModelLogistic Regression CPU usage: 26.70%
[ 2025-08-11 23:12:57,765 ] 84 root - INFO - ModelLogistic Regression RAM usage: 93.20 MB
[ 2025-08-11 23:12:57,765 ] 85 root - INFO - Model Logistic Regression logged to MLflow.
[ 2025-08-11 23:12:57,766 ] 92 root - INFO - New best model found: Logistic Regression with accuracy 1.0000
[ 2025-08-11 23:12:57,974 ] 62 root - INFO - Random Forest Accuracy: 1.0000
[ 2025-08-11 23:12:57,975 ] 63 root - INFO - Confusion Matrix for Random Forest:
[[10  0  0]
 [ 0  9  0]
 [ 0  0 11]]

[ 2025-08-11 23:12:57,985 ] 64 root - INFO - Classification Report for Random Forest:
              precision    recall  f1-score   support

           0       1.00      1.00      1.00        10
           1       1.00      1.00      1.00         9
           2       1.00      1.00      1.00        11

    accuracy                           1.00        30
   macro avg       1.00      1.00      1.00        30
weighted avg       1.00      1.00      1.00        30


[ 2025-08-11 23:12:57,985 ] 65 root - INFO - Precision for Random Forest: 1.0000
[ 2025-08-11 23:12:57,985 ] 66 root - INFO - Recall for Random Forest: 1.0000
[ 2025-08-11 23:12:57,985 ] 67 root - INFO - F1 Score for Random Forest: 1.0000
[ 2025-08-11 23:12:57,985 ] 68 root - INFO - Model Random Forest trained and evaluated successfully.
[ 2025-08-11 23:13:27,222 ] 83 root - INFO - ModelRandom Forest CPU usage: 25.30%
[ 2025-08-11 23:13:27,222 ] 84 root - INFO - ModelRandom Forest RAM usage: 93.80 MB
[ 2025-08-11 23:13:27,222 ] 85 root - INFO - Model Random Forest logged to MLflow.
[ 2025-08-11 23:13:29,749 ] 102 root - INFO - Best model run id is: dd0691ac25d2413d87b0dff9a3b24d37
[ 2025-08-11 23:13:29,758 ] 116 root - INFO - Best model and scaler saved to 'saved_model/' directory.
[ 2025-08-11 23:13:29,758 ] 120 root - INFO - MLflow setup completed.
